Application bundle generation failed. [7.738 seconds] - 2026-03-31T16:32:45.069Z

node.exe : 
[1m[33m[33mÔû▓ [43;33m
[[43;30mWARNING[43;33m]
[0m [1mNG8113: All 
imports are unused[0m 
[1m[35m[plugin 
angular-compiler][0m
Au caractère Ligne:1 : 1
+ & "C:\Program 
Files\nodejs/node.exe" 
"C:\Program 
Files\nodejs/node_mo ...
+ ~~~~~~~~~~~~~~~~~~~~~~~~
~~~~~~~~~~~~~~~~~~~~~~~~~~
~~~~~~~~~~~~~~~~~~~
    + CategoryInfo        
      : NotSpecified: (  
  [1m[33m[33mÔ...r-co   
 mpiler][0m:String) [    
], RemoteException
    + FullyQualifiedError 
   Id : NativeCommandErr  
  or
 

    src/app/activities/act
ivities.ts:6:2:
[37m      6 Ôöé   
[32mimports[37m: 
[RouterLink],
        ÔòÁ   
[32m~~~~~~~[0m


[33mÔû▓ [43;33m[[43;30m
WARNING[43;33m][0m 
[1mNG8113: All imports 
are unused[0m 
[1m[35m[plugin 
angular-compiler][0m

    src/app/contact/contac
t.ts:6:2:
[37m      6 Ôöé   
[32mimports[37m: 
[RouterLink],
        ÔòÁ   
[32m~~~~~~~[0m


[33mÔû▓ [43;33m[[43;30m
WARNING[43;33m][0m 
[1mNG8113: All imports 
are unused[0m 
[1m[35m[plugin 
angular-compiler][0m

    src/app/education/educ
ation.ts:6:2:
[37m      6 Ôöé   
[32mimports[37m: 
[RouterLink],
        ÔòÁ   
[32m~~~~~~~[0m


[33mÔû▓ [43;33m[[43;30m
WARNING[43;33m][0m 
[1mNG8113: All imports 
are unused[0m 
[1m[35m[plugin 
angular-compiler][0m

    src/app/professional/p
rofessional.ts:6:2:
[37m      6 Ôöé   
[32mimports[37m: 
[RouterLink],
        ÔòÁ   
[32m~~~~~~~[0m


[33mÔû▓ [43;33m[[43;30m
WARNING[43;33m][0m 
[1mNG8113: All imports 
are unused[0m 
[1m[35m[plugin 
angular-compiler][0m

    src/app/projects/proje
cts.ts:6:2:
[37m      6 Ôöé   
[32mimports[37m: 
[RouterLink],
        ÔòÁ   
[32m~~~~~~~[0m

[39m[22m
[1m[31m[31mX [41;31m[
[41;97mERROR[41;31m][0m 
[1mNG2008: Could not 
find template file './mobi
lity.component.html'.[0m 
[1m[35m[plugin 
angular-compiler][0m

    src/app/mobility/mobil
ity.ts:7:15:
[37m      7 Ôöé   
templateUrl: [32m'./mobil
ity.component.html'[37m,
        ÔòÁ               
 [32m~~~~~~~~~~~~~~~~~~~~
~~~~~~~[0m


[31mX [41;31m[[41;97mER
ROR[41;31m][0m 
[1mNG5002: Unexpected 
closing tag "p". It may 
happen when the tag has 
already been closed by 
another tag. For more 
info see https://www.w3.or
g/TR/html5/syntax.html#clo
sing-elements-that-have-im
plied-end-tags[0m 
[1m[35m[plugin 
angular-compiler][0m

    src/app/professional/p
rofessional.component.html
:60:32:
[37m      60 Ôöé         
                        
[32m</p>[37m
         ÔòÁ              
                   
[32m~~~~[0m

  Error occurs in the 
template of component 
Professional.

    src/app/professional/p
rofessional.ts:7:15:
[37m      7 Ôöé   
templateUrl: [32m'./profe
ssional.component.html'[3
7m,
        ÔòÁ               
 [32m~~~~~~~~~~~~~~~~~~~~
~~~~~~~~~~~[0m

[39m[22m
